2025-08-18 18:11:23,172 | INFO | [跳過] 尚未到起點城市：上海
2025-08-18 18:11:23,173 | INFO | [跳過] 尚未到起點城市：北京
2025-08-18 18:11:23,173 | INFO | [跳過] 尚未到起點城市：天津
2025-08-18 18:11:23,173 | INFO | [跳過] 尚未到起點城市：厦门
2025-08-18 18:11:23,173 | INFO | [跳過] 尚未到起點城市：大连
2025-08-18 18:11:23,173 | INFO | [跳過] 尚未到起點城市：北海
2025-08-18 18:11:23,173 | INFO | [跳過] 尚未到起點城市：中山
2025-08-18 18:11:23,173 | INFO | [跳過] 尚未到起點城市：徐州
2025-08-18 18:11:23,173 | INFO | [跳過] 尚未到起點城市：武汉
2025-08-18 18:11:23,173 | INFO | [跳過] 尚未到起點城市：宁波
2025-08-18 18:11:23,174 | INFO | == 城市：佛山 ==
2025-08-18 18:11:23,174 | INFO | [列表] 佛山 第 6/10 頁 → https://sou.zhaopin.com/?kw=%E5%AE%A4%E5%86%85%E8%AE%BE%E8%AE%A1&p=6
2025-08-18 18:11:30,663 | INFO | [列表] 佛山 本頁卡片數：0
2025-08-18 18:11:30,663 | INFO | [列表] 佛山 第 7/10 頁 → https://sou.zhaopin.com/?kw=%E5%AE%A4%E5%86%85%E8%AE%BE%E8%AE%A1&p=7
2025-08-18 18:11:34,177 | INFO | [列表] 佛山 本頁卡片數：0
2025-08-18 18:11:34,177 | INFO | [列表] 佛山 第 8/10 頁 → https://sou.zhaopin.com/?kw=%E5%AE%A4%E5%86%85%E8%AE%BE%E8%AE%A1&p=8
2025-08-18 18:11:38,563 | INFO | [列表] 佛山 本頁卡片數：0
2025-08-18 18:11:38,563 | INFO | [列表] 佛山 第 9/10 頁 → https://sou.zhaopin.com/?kw=%E5%AE%A4%E5%86%85%E8%AE%BE%E8%AE%A1&p=9
2025-08-18 18:11:42,515 | INFO | [列表] 佛山 本頁卡片數：0
2025-08-18 18:11:42,516 | INFO | [列表] 佛山 第 10/10 頁 → https://sou.zhaopin.com/?kw=%E5%AE%A4%E5%86%85%E8%AE%BE%E8%AE%A1&p=10
2025-08-18 18:11:46,377 | INFO | [列表] 佛山 本頁卡片數：0
2025-08-18 18:11:46,378 | INFO | == 城市：西安 ==
2025-08-18 18:11:46,378 | INFO | [列表] 西安 第 1/10 頁 → https://sou.zhaopin.com/?kw=%E5%AE%A4%E5%86%85%E8%AE%BE%E8%AE%A1&p=1
2025-08-18 18:11:51,052 | INFO | [列表] 西安 本頁卡片數：0
2025-08-18 18:11:51,053 | INFO | [列表] 西安 第 2/10 頁 → https://sou.zhaopin.com/?kw=%E5%AE%A4%E5%86%85%E8%AE%BE%E8%AE%A1&p=2
2025-08-18 18:11:56,323 | INFO | [列表] 西安 本頁卡片數：0
2025-08-18 18:11:56,324 | INFO | [列表] 西安 第 3/10 頁 → https://sou.zhaopin.com/?kw=%E5%AE%A4%E5%86%85%E8%AE%BE%E8%AE%A1&p=3
2025-08-18 18:11:59,328 | INFO | [列表] 西安 本頁卡片數：0
2025-08-18 18:11:59,328 | INFO | [列表] 西安 第 4/10 頁 → https://sou.zhaopin.com/?kw=%E5%AE%A4%E5%86%85%E8%AE%BE%E8%AE%A1&p=4
2025-08-18 18:12:03,499 | INFO | [列表] 西安 本頁卡片數：0
2025-08-18 18:12:03,499 | INFO | [列表] 西安 第 5/10 頁 → https://sou.zhaopin.com/?kw=%E5%AE%A4%E5%86%85%E8%AE%BE%E8%AE%A1&p=5
2025-08-18 18:12:07,763 | INFO | [列表] 西安 本頁卡片數：0
2025-08-18 18:12:07,763 | INFO | [列表] 西安 第 6/10 頁 → https://sou.zhaopin.com/?kw=%E5%AE%A4%E5%86%85%E8%AE%BE%E8%AE%A1&p=6
2025-08-18 18:12:10,743 | INFO | [列表] 西安 本頁卡片數：0
2025-08-18 18:12:10,743 | INFO | [列表] 西安 第 7/10 頁 → https://sou.zhaopin.com/?kw=%E5%AE%A4%E5%86%85%E8%AE%BE%E8%AE%A1&p=7
2025-08-18 18:12:14,651 | INFO | [列表] 西安 本頁卡片數：0
2025-08-18 18:12:14,651 | INFO | [列表] 西安 第 8/10 頁 → https://sou.zhaopin.com/?kw=%E5%AE%A4%E5%86%85%E8%AE%BE%E8%AE%A1&p=8
2025-08-18 18:12:17,700 | INFO | [列表] 西安 本頁卡片數：0
2025-08-18 18:12:17,700 | INFO | [列表] 西安 第 9/10 頁 → https://sou.zhaopin.com/?kw=%E5%AE%A4%E5%86%85%E8%AE%BE%E8%AE%A1&p=9
2025-08-18 18:12:20,711 | INFO | [列表] 西安 本頁卡片數：0
2025-08-18 18:12:20,711 | INFO | [列表] 西安 第 10/10 頁 → https://sou.zhaopin.com/?kw=%E5%AE%A4%E5%86%85%E8%AE%BE%E8%AE%A1&p=10
2025-08-18 18:12:23,445 | INFO | [列表] 西安 本頁卡片數：0
2025-08-18 18:12:23,445 | INFO | == 城市：岳阳 ==
2025-08-18 18:12:23,445 | INFO | [列表] 岳阳 第 1/10 頁 → https://sou.zhaopin.com/?kw=%E5%AE%A4%E5%86%85%E8%AE%BE%E8%AE%A1&p=1
2025-08-18 18:12:26,674 | INFO | [列表] 岳阳 本頁卡片數：0
2025-08-18 18:12:26,674 | INFO | [列表] 岳阳 第 2/10 頁 → https://sou.zhaopin.com/?kw=%E5%AE%A4%E5%86%85%E8%AE%BE%E8%AE%A1&p=2
2025-08-18 18:12:29,486 | INFO | [列表] 岳阳 本頁卡片數：0
2025-08-18 18:12:29,486 | INFO | [列表] 岳阳 第 3/10 頁 → https://sou.zhaopin.com/?kw=%E5%AE%A4%E5%86%85%E8%AE%BE%E8%AE%A1&p=3
2025-08-18 18:12:32,364 | INFO | [列表] 岳阳 本頁卡片數：0
2025-08-18 18:12:32,364 | INFO | [列表] 岳阳 第 4/10 頁 → https://sou.zhaopin.com/?kw=%E5%AE%A4%E5%86%85%E8%AE%BE%E8%AE%A1&p=4
2025-08-18 18:12:35,239 | INFO | [列表] 岳阳 本頁卡片數：0
2025-08-18 18:12:35,239 | INFO | [列表] 岳阳 第 5/10 頁 → https://sou.zhaopin.com/?kw=%E5%AE%A4%E5%86%85%E8%AE%BE%E8%AE%A1&p=5
2025-08-18 18:12:38,349 | INFO | [列表] 岳阳 本頁卡片數：0
2025-08-18 18:12:38,350 | INFO | [列表] 岳阳 第 6/10 頁 → https://sou.zhaopin.com/?kw=%E5%AE%A4%E5%86%85%E8%AE%BE%E8%AE%A1&p=6
2025-08-18 18:12:41,412 | INFO | [列表] 岳阳 本頁卡片數：0
2025-08-18 18:12:41,412 | INFO | [列表] 岳阳 第 7/10 頁 → https://sou.zhaopin.com/?kw=%E5%AE%A4%E5%86%85%E8%AE%BE%E8%AE%A1&p=7
2025-08-18 18:12:44,108 | INFO | [列表] 岳阳 本頁卡片數：0
2025-08-18 18:12:44,108 | INFO | [列表] 岳阳 第 8/10 頁 → https://sou.zhaopin.com/?kw=%E5%AE%A4%E5%86%85%E8%AE%BE%E8%AE%A1&p=8
2025-08-18 18:12:47,213 | INFO | [列表] 岳阳 本頁卡片數：0
2025-08-18 18:12:47,213 | INFO | [列表] 岳阳 第 9/10 頁 → https://sou.zhaopin.com/?kw=%E5%AE%A4%E5%86%85%E8%AE%BE%E8%AE%A1&p=9
2025-08-18 18:12:50,225 | INFO | [列表] 岳阳 本頁卡片數：0
2025-08-18 18:12:50,225 | INFO | [列表] 岳阳 第 10/10 頁 → https://sou.zhaopin.com/?kw=%E5%AE%A4%E5%86%85%E8%AE%BE%E8%AE%A1&p=10
2025-08-18 18:12:53,114 | INFO | [列表] 岳阳 本頁卡片數：0
2025-08-18 18:12:53,114 | INFO | == 城市：东莞 ==
2025-08-18 18:12:53,114 | INFO | [列表] 东莞 第 1/10 頁 → https://sou.zhaopin.com/?kw=%E5%AE%A4%E5%86%85%E8%AE%BE%E8%AE%A1&p=1
2025-08-18 18:12:55,943 | INFO | [列表] 东莞 本頁卡片數：0
2025-08-18 18:12:55,943 | INFO | [列表] 东莞 第 2/10 頁 → https://sou.zhaopin.com/?kw=%E5%AE%A4%E5%86%85%E8%AE%BE%E8%AE%A1&p=2
2025-08-18 18:12:58,887 | INFO | [列表] 东莞 本頁卡片數：0
2025-08-18 18:12:58,887 | INFO | [列表] 东莞 第 3/10 頁 → https://sou.zhaopin.com/?kw=%E5%AE%A4%E5%86%85%E8%AE%BE%E8%AE%A1&p=3
2025-08-18 18:13:01,882 | INFO | [列表] 东莞 本頁卡片數：0
2025-08-18 18:13:01,882 | INFO | [列表] 东莞 第 4/10 頁 → https://sou.zhaopin.com/?kw=%E5%AE%A4%E5%86%85%E8%AE%BE%E8%AE%A1&p=4
2025-08-18 18:13:04,396 | INFO | [列表] 东莞 本頁卡片數：0
2025-08-18 18:13:04,397 | INFO | [列表] 东莞 第 5/10 頁 → https://sou.zhaopin.com/?kw=%E5%AE%A4%E5%86%85%E8%AE%BE%E8%AE%A1&p=5
2025-08-18 18:13:07,796 | INFO | [列表] 东莞 本頁卡片數：0
2025-08-18 18:13:07,796 | INFO | [列表] 东莞 第 6/10 頁 → https://sou.zhaopin.com/?kw=%E5%AE%A4%E5%86%85%E8%AE%BE%E8%AE%A1&p=6
2025-08-18 18:13:10,417 | INFO | [列表] 东莞 本頁卡片數：0
2025-08-18 18:13:10,418 | INFO | [列表] 东莞 第 7/10 頁 → https://sou.zhaopin.com/?kw=%E5%AE%A4%E5%86%85%E8%AE%BE%E8%AE%A1&p=7
2025-08-18 18:13:13,118 | INFO | [列表] 东莞 本頁卡片數：0
2025-08-18 18:13:13,119 | INFO | [列表] 东莞 第 8/10 頁 → https://sou.zhaopin.com/?kw=%E5%AE%A4%E5%86%85%E8%AE%BE%E8%AE%A1&p=8
2025-08-18 18:13:15,906 | INFO | [列表] 东莞 本頁卡片數：0
2025-08-18 18:13:15,907 | INFO | [列表] 东莞 第 9/10 頁 → https://sou.zhaopin.com/?kw=%E5%AE%A4%E5%86%85%E8%AE%BE%E8%AE%A1&p=9
2025-08-18 18:13:18,974 | INFO | [列表] 东莞 本頁卡片數：0
2025-08-18 18:13:18,974 | INFO | [列表] 东莞 第 10/10 頁 → https://sou.zhaopin.com/?kw=%E5%AE%A4%E5%86%85%E8%AE%BE%E8%AE%A1&p=10
2025-08-18 18:13:21,767 | INFO | [列表] 东莞 本頁卡片數：0
2025-08-18 18:13:21,768 | INFO | == 城市：合肥 ==
2025-08-18 18:13:21,768 | INFO | [列表] 合肥 第 1/10 頁 → https://sou.zhaopin.com/?kw=%E5%AE%A4%E5%86%85%E8%AE%BE%E8%AE%A1&p=1
2025-08-18 18:28:23,722 | INFO | === 啟動：智聯招聘 采集（CDP 附著 / cookies 備援）===
2025-08-18 18:28:23,723 | INFO | [PROGRESS] 已清除進度檔
2025-08-18 18:28:26,124 | WARNING | [CDP] 連線失敗：HTTPConnectionPool(host='127.0.0.1', port=9222): Max retries exceeded with url: /json/version (Caused by ConnectTimeoutError(<urllib3.connection.HTTPConnection object at 0x000001EA85B9EE40>, 'Connection to 127.0.0.1 timed out. (connect timeout=2)'))
2025-08-18 18:28:26,127 | INFO | [Cookies] 嘗試從 cookies 檔建立新會話
2025-08-18 18:28:26,456 | INFO | [Cookies] 已加載 0 條（域名含 zhaopin.com 的將生效）
2025-08-18 18:28:26,625 | INFO | [跳過] 尚未到起點城市：上海
2025-08-18 18:28:26,625 | INFO | [跳過] 尚未到起點城市：北京
2025-08-18 18:28:26,625 | INFO | [跳過] 尚未到起點城市：天津
2025-08-18 18:28:26,625 | INFO | [跳過] 尚未到起點城市：厦门
2025-08-18 18:28:26,626 | INFO | [跳過] 尚未到起點城市：大连
2025-08-18 18:28:26,626 | INFO | [跳過] 尚未到起點城市：北海
2025-08-18 18:28:26,626 | INFO | [跳過] 尚未到起點城市：中山
2025-08-18 18:28:26,626 | INFO | [跳過] 尚未到起點城市：徐州
2025-08-18 18:28:26,626 | INFO | [跳過] 尚未到起點城市：武汉
2025-08-18 18:28:26,626 | INFO | [跳過] 尚未到起點城市：宁波
2025-08-18 18:28:26,626 | INFO | == 城市：佛山 ==
2025-08-18 18:28:26,626 | INFO | [列表] 佛山 第 6/10 頁 → https://sou.zhaopin.com/?kw=%E5%AE%A4%E5%86%85%E8%AE%BE%E8%AE%A1&p=6
2025-08-18 18:28:32,317 | INFO | [列表] 佛山 本頁卡片數：0
2025-08-18 18:28:32,317 | INFO | [列表] 佛山 第 7/10 頁 → https://sou.zhaopin.com/?kw=%E5%AE%A4%E5%86%85%E8%AE%BE%E8%AE%A1&p=7
2025-08-18 18:28:35,483 | INFO | [列表] 佛山 本頁卡片數：0
2025-08-18 18:28:35,483 | INFO | [列表] 佛山 第 8/10 頁 → https://sou.zhaopin.com/?kw=%E5%AE%A4%E5%86%85%E8%AE%BE%E8%AE%A1&p=8
2025-08-18 18:28:39,604 | INFO | [列表] 佛山 本頁卡片數：0
2025-08-18 18:28:39,605 | INFO | [列表] 佛山 第 9/10 頁 → https://sou.zhaopin.com/?kw=%E5%AE%A4%E5%86%85%E8%AE%BE%E8%AE%A1&p=9
2025-08-18 18:28:47,043 | INFO | [列表] 佛山 本頁卡片數：0
2025-08-18 18:28:47,043 | INFO | [列表] 佛山 第 10/10 頁 → https://sou.zhaopin.com/?kw=%E5%AE%A4%E5%86%85%E8%AE%BE%E8%AE%A1&p=10
2025-08-18 18:28:50,293 | INFO | [列表] 佛山 本頁卡片數：0
2025-08-18 18:28:50,294 | INFO | == 城市：西安 ==
2025-08-18 18:28:50,294 | INFO | [列表] 西安 第 1/10 頁 → https://sou.zhaopin.com/?kw=%E5%AE%A4%E5%86%85%E8%AE%BE%E8%AE%A1&p=1
2025-08-18 18:28:55,283 | INFO | [列表] 西安 本頁卡片數：0
2025-08-18 18:28:55,284 | INFO | [列表] 西安 第 2/10 頁 → https://sou.zhaopin.com/?kw=%E5%AE%A4%E5%86%85%E8%AE%BE%E8%AE%A1&p=2
2025-08-18 18:28:58,670 | INFO | [列表] 西安 本頁卡片數：0
2025-08-18 18:28:58,671 | INFO | [列表] 西安 第 3/10 頁 → https://sou.zhaopin.com/?kw=%E5%AE%A4%E5%86%85%E8%AE%BE%E8%AE%A1&p=3
2025-08-18 18:29:01,635 | INFO | [列表] 西安 本頁卡片數：0
2025-08-18 18:29:01,636 | INFO | [列表] 西安 第 4/10 頁 → https://sou.zhaopin.com/?kw=%E5%AE%A4%E5%86%85%E8%AE%BE%E8%AE%A1&p=4
2025-08-18 18:29:06,021 | INFO | [列表] 西安 本頁卡片數：0
2025-08-18 18:29:06,021 | INFO | [列表] 西安 第 5/10 頁 → https://sou.zhaopin.com/?kw=%E5%AE%A4%E5%86%85%E8%AE%BE%E8%AE%A1&p=5
2025-08-18 18:29:09,895 | INFO | [列表] 西安 本頁卡片數：0
2025-08-18 18:29:09,896 | INFO | [列表] 西安 第 6/10 頁 → https://sou.zhaopin.com/?kw=%E5%AE%A4%E5%86%85%E8%AE%BE%E8%AE%A1&p=6
2025-08-18 18:29:12,412 | WARNING | 手動中止
