2025-08-17 10:13:40,583 | INFO | === 啟動：Boss直聘 室內設計 自動抓取（上海 + 10頁示範）===
2025-08-17 10:15:29,728 | INFO | === 啟動：Boss直聘 室內設計 自動抓取（上海 + 10頁示範）===
2025-08-17 10:15:29,863 | INFO | 代理總數：0（可為0=直連）
2025-08-17 10:15:48,841 | INFO | === 啟動：Boss直聘 室內設計 自動抓取（上海 + 10頁示範）===
2025-08-17 10:17:31,269 | INFO | === 啟動：Boss直聘 室內設計 自動抓取（上海 + 10頁示範）===
2025-08-17 10:17:31,419 | INFO | 代理總數：0（可為0=直連）
2025-08-17 10:19:28,838 | INFO | === 啟動：Boss直聘 室內設計 自動抓取（上海 + 10頁示範）===
2025-08-17 10:20:34,740 | INFO | === 啟動：Boss直聘 室內設計 自動抓取（上海 + 10頁示範）===
2025-08-17 10:20:34,804 | INFO | 代理總數：0（可為0=直連）
2025-08-17 10:20:57,627 | INFO | == 解析列表第 1/10 頁 ==
2025-08-17 10:21:03,511 | INFO | [列表] 本頁卡片數：15
2025-08-17 10:21:03,557 | INFO | [詳情] 打開公司頁：https://www.zhipin.com/gongsi/3118d09a2d43045c3nRz2ty0.html?from=top-card
2025-08-17 10:21:11,555 | INFO | [過濾] 非目標城市（北京），跳過入庫
2025-08-17 10:21:13,008 | INFO | [詳情] 打開公司頁：https://www.zhipin.com/gongsi/bd167fd5596785560XN909i4.html?from=top-card
2025-08-17 10:21:21,385 | INFO | [過濾] 非目標城市（北京），跳過入庫
2025-08-17 10:21:21,385 | INFO | [過濾] 非目標城市（北京），跳過入庫
2025-08-17 10:21:21,385 | INFO | [過濾] 非目標城市（北京），跳過入庫
2025-08-17 10:21:22,557 | INFO | [詳情] 打開公司頁：https://www.zhipin.com/gongsi/a5d9ac995e6959690X192dm_Ew~~.html?from=top-card
2025-08-17 10:21:29,283 | INFO | [過濾] 非目標城市（北京），跳過入庫
2025-08-17 10:21:31,308 | INFO | [詳情] 打開公司頁：https://www.zhipin.com/gongsi/e4ebbd531845f9f51nR72924Eg~~.html?from=top-card
2025-08-17 10:21:36,784 | INFO | [過濾] 非目標城市（北京），跳過入庫
2025-08-17 10:21:36,784 | INFO | [過濾] 非目標城市（北京），跳過入庫
2025-08-17 10:21:38,359 | INFO | [詳情] 打開公司頁：https://www.zhipin.com/gongsi/24db0b94c0af1d901nFy3t-6EQ~~.html?from=top-card
2025-08-17 10:21:44,058 | INFO | [過濾] 非目標城市（北京），跳過入庫
2025-08-17 10:21:44,941 | INFO | [詳情] 打開公司頁：https://www.zhipin.com/gongsi/ddaf251b0ab694d31nJy2tu9GFY~.html?from=top-card
2025-08-17 10:21:53,456 | INFO | [過濾] 非目標城市（北京），跳過入庫
2025-08-17 10:21:54,266 | INFO | [詳情] 打開公司頁：https://www.zhipin.com/gongsi/e3fea7c56ce34c721nx-2tW6E1E~.html?from=top-card
2025-08-17 10:22:01,775 | WARNING | [工商信息] 解析失敗：Locator.count: Target page, context or browser has been closed
2025-08-17 10:22:03,753 | WARNING | [工商信息] 解析失敗：Locator.count: Target page, context or browser has been closed
