2025-08-17 10:48:58,278 | INFO | === 啟動：全城市巡檢（列表/詳情分離 Context）===
2025-08-17 10:48:58,330 | INFO | 代理總數：0（可為0=直連）
2025-08-17 10:48:58,918 | INFO | == 城市：上海（101020100） ==
2025-08-17 10:48:58,918 | INFO | [列表] 上海 第 1/10 頁 → https://www.zhipin.com/web/geek/job?query=%E5%AE%A4%E5%86%85%E8%AE%BE%E8%AE%A1&city=101020100&page=1
2025-08-17 10:49:07,040 | INFO | [列表] 上海 本頁卡片數：15
2025-08-17 10:49:07,087 | INFO | [詳情] 打開公司頁：https://www.zhipin.com/gongsi/8c8520aac2e3cc640nV_2tq6Fw~~.html?from=top-card
2025-08-17 10:49:13,598 | INFO | [入庫] 上海 成功：上海董世建筑设计咨询有限公司 | 上海徐汇区DOME&ASSOCIATES董世建筑3楼3-2室
2025-08-17 10:49:14,611 | INFO | [詳情] 打開公司頁：https://www.zhipin.com/gongsi/2a52d3226d06f8bb1Xx90t61ElA~.html?from=top-card
2025-08-17 10:49:19,095 | INFO | [入庫] 上海 成功：迪切萨雷室内设计（上海）有限公司 | 上海静安区上海电气2号楼
2025-08-17 10:49:20,112 | INFO | [詳情] 打開公司頁：https://www.zhipin.com/gongsi/5543415ce1964a521H1y2ti5GVI~.html?from=top-card
2025-08-17 10:49:26,601 | INFO | [入庫] 上海 成功：上海康弗特建筑技术有限公司 | 上海普陀区中鹰·黑森林售楼中心2楼B单元
2025-08-17 10:49:26,603 | INFO | [入庫] 上海 成功：上海康弗特建筑技术有限公司 | 上海普陀区中鹰·黑森林2号楼B单元
2025-08-17 10:49:27,769 | INFO | [詳情] 打開公司頁：https://www.zhipin.com/gongsi/c4376094566ec33d0nF-3du9GQ~~.html?from=top-card
2025-08-17 10:49:31,979 | INFO | [入庫] 上海 成功：上海澜筑建设装饰有限公司 | 上海长宁区荣兆商务楼2号楼4406
2025-08-17 10:49:31,982 | INFO | [入庫] 上海 成功：上海澜筑建设装饰有限公司 | 上海长宁区旭辉·虹桥国际1号楼511室
2025-08-17 10:49:33,383 | INFO | [詳情] 打開公司頁：https://www.zhipin.com/gongsi/ccd80fb719ae44381H1439m9GVQ~.html?from=top-card
2025-08-17 10:49:38,786 | INFO | [入庫] 上海 成功：上海真觉科技有限公司 | 上海松江区云间水庄152栋
2025-08-17 10:49:40,343 | INFO | [詳情] 打開公司頁：https://www.zhipin.com/gongsi/1a6ebe6de4c7e5d11X1_2ty_F1Y~.html?from=top-card
2025-08-17 10:49:46,520 | INFO | [入庫] 上海 成功：上海也度环境艺术设计有限公司 | 上海杨浦区上海国际设计中心-西楼1105
2025-08-17 10:49:47,942 | INFO | [詳情] 打開公司頁：https://www.zhipin.com/gongsi/360b4846a7bb1e841Xd62NS_GQ~~.html?from=top-card
2025-08-17 10:49:51,877 | INFO | [入庫] 上海 成功：上海上榀建设工程有限公司 | 上海静安区中建幸福大厦场中路2028号中建幸福大厦A座8楼
2025-08-17 10:49:53,783 | INFO | [詳情] 打開公司頁：https://www.zhipin.com/gongsi/9bbf9b2c239896041XZ50ti8GFM~.html?from=top-card
2025-08-17 10:49:57,295 | INFO | [入庫] 上海 成功：上海国祯建筑装饰有限公司 | 上海闵行区欧莱雅商务中心A栋508
2025-08-17 10:49:58,597 | INFO | [詳情] 打開公司頁：https://www.zhipin.com/gongsi/28000e51561c0e871XR829y0FVM~.html?from=top-card
2025-08-17 10:50:04,175 | INFO | [入庫] 上海 成功：上海七面魔方建设科技（集团）有限公司 | 上海闵行区闵行区新龙路1333弄29幢915
2025-08-17 10:50:05,956 | INFO | [詳情] 打開公司頁：https://www.zhipin.com/gongsi/a8865170ad3d8f1f1Hdz2dS4.html?from=top-card
2025-08-17 10:50:13,315 | INFO | [入庫] 上海 成功：上海统帅建筑装潢有限公司 | 上海浦东新区统帅装饰旗舰体验中心1877
2025-08-17 10:50:13,316 | INFO | [入庫] 上海 成功：上海统帅建筑装潢有限公司 | 上海徐汇区统帅装饰(浦西旗舰体验中心)吴中路52号古北时尚5楼
2025-08-17 10:50:13,326 | INFO | [入庫] 上海 成功：上海统帅建筑装潢有限公司 | 上海嘉定区统帅装饰(嘉定设计中心)3103
2025-08-17 10:50:15,359 | INFO | [詳情] 打開公司頁：https://www.zhipin.com/gongsi/833c4d653c3a69fb1nJ939u6GA~~.html?from=top-card
2025-08-17 10:50:20,072 | INFO | [入庫] 上海 成功：上海津家装饰工程有限公司 | 上海普陀区中关村科技大厦-辅楼604-606室
2025-08-17 10:50:21,618 | INFO | [詳情] 打開公司頁：https://www.zhipin.com/gongsi/a330634c728429021XB839m6Flo~.html?from=top-card
2025-08-17 10:50:25,498 | INFO | [入庫] 上海 成功：上海三合宜居空间设计有限公司 | 上海长宁区忆定村41号（前门）
2025-08-17 10:50:27,380 | INFO | [詳情] 打開公司頁：https://www.zhipin.com/gongsi/38aa8bddb229f93b1nF-29y-GA~~.html?from=top-card
2025-08-17 10:50:34,097 | INFO | [入庫] 上海 成功：焱歌室内设计（上海）有限公司 | 上海闵行区焱歌国际设计建材实景一站式体验馆七莘路208号
2025-08-17 10:50:34,111 | INFO | [入庫] 上海 成功：焱歌室内设计（上海）有限公司 | 上海浦东新区焱歌国际设计(金桥店)516室
2025-08-17 10:50:34,129 | INFO | [入庫] 上海 成功：焱歌室内设计（上海）有限公司 | 上海青浦区宝龙广场2期B座盈港东路7802号宝龙广场B座501-506室
2025-08-17 10:50:35,332 | INFO | [詳情] 打開公司頁：https://www.zhipin.com/gongsi/414042e7b1eff2b71nd_3tS4EFM~.html?from=top-card
2025-08-17 10:50:41,359 | INFO | [入庫] 上海 成功：上海至淳建筑装潢设计有限公司 | 上海徐汇区环线广场2号楼28楼
2025-08-17 10:50:43,009 | INFO | [詳情] 打開公司頁：https://www.zhipin.com/gongsi/2db3b79e14b282af3nB709u0GQ~~.html?from=top-card
2025-08-17 10:50:47,814 | INFO | [入庫] 上海 成功：上海享哲建筑设计工程有限公司 | 中山东区蝴蝶桥社区体育公园中山长江北路宝龙城工地
2025-08-17 10:50:47,851 | INFO | [入庫] 上海 成功：上海享哲建筑设计工程有限公司 | 上海闵行区锦宏产业园4楼D座
2025-08-17 10:50:48,613 | INFO | [列表] 上海 第 2/10 頁 → https://www.zhipin.com/web/geek/job?query=%E5%AE%A4%E5%86%85%E8%AE%BE%E8%AE%A1&city=101020100&page=2
2025-08-17 10:50:55,394 | INFO | [列表] 上海 本頁卡片數：15
2025-08-17 10:50:55,442 | INFO | [詳情] 打開公司頁：https://www.zhipin.com/gongsi/54105eaec259924c1HFz3927FQ~~.html?from=top-card
2025-08-17 10:51:02,007 | INFO | [入庫] 上海 成功：上海兰若装饰工程有限公司 | 上海浦东新区兰若装饰浦东新区蓝村路518号401
2025-08-17 10:51:02,021 | INFO | [入庫] 上海 成功：上海兰若装饰工程有限公司 | 上海徐汇区华林大楼302
2025-08-17 10:51:02,829 | INFO | [詳情] 打開公司頁：https://www.zhipin.com/gongsi/d2f11b34548cdadd0HR52NW7GA~~.html?from=top-card
2025-08-17 10:51:08,302 | INFO | [入庫] 上海 成功：上海国旭装潢设计有限公司 | 上海青浦区8090青年创业基地B-322室
2025-08-17 10:51:09,729 | INFO | [詳情] 打開公司頁：https://www.zhipin.com/gongsi/30cb1996555eca031ndy3Ny9ElU~.html?from=top-card
2025-08-17 10:51:15,664 | INFO | [入庫] 上海 成功：上海桔珈建筑设计有限公司 | 上海普陀区桔装无忧·老房翻新局部装修(普陀店)6号楼一层
2025-08-17 10:51:15,678 | INFO | [入庫] 上海 成功：上海桔珈建筑设计有限公司 | 合肥包河区中寰科技中心C座905
2025-08-17 10:51:17,031 | INFO | [列表] 上海 第 3/10 頁 → https://www.zhipin.com/web/geek/job?query=%E5%AE%A4%E5%86%85%E8%AE%BE%E8%AE%A1&city=101020100&page=3
2025-08-17 10:51:23,931 | INFO | [列表] 上海 本頁卡片數：15
2025-08-17 10:51:23,931 | INFO | [列表] 上海 第 4/10 頁 → https://www.zhipin.com/web/geek/job?query=%E5%AE%A4%E5%86%85%E8%AE%BE%E8%AE%A1&city=101020100&page=4
2025-08-17 10:51:30,395 | INFO | [列表] 上海 本頁卡片數：15
2025-08-17 10:51:30,395 | INFO | [列表] 上海 第 5/10 頁 → https://www.zhipin.com/web/geek/job?query=%E5%AE%A4%E5%86%85%E8%AE%BE%E8%AE%A1&city=101020100&page=5
2025-08-17 10:51:37,143 | INFO | [列表] 上海 本頁卡片數：15
2025-08-17 10:51:37,143 | INFO | [列表] 上海 第 6/10 頁 → https://www.zhipin.com/web/geek/job?query=%E5%AE%A4%E5%86%85%E8%AE%BE%E8%AE%A1&city=101020100&page=6
2025-08-17 10:51:43,473 | INFO | [列表] 上海 本頁卡片數：15
2025-08-17 10:51:43,473 | INFO | [列表] 上海 第 7/10 頁 → https://www.zhipin.com/web/geek/job?query=%E5%AE%A4%E5%86%85%E8%AE%BE%E8%AE%A1&city=101020100&page=7
2025-08-17 10:51:50,389 | INFO | [列表] 上海 本頁卡片數：15
2025-08-17 10:51:50,389 | INFO | [列表] 上海 第 8/10 頁 → https://www.zhipin.com/web/geek/job?query=%E5%AE%A4%E5%86%85%E8%AE%BE%E8%AE%A1&city=101020100&page=8
2025-08-17 10:51:57,264 | INFO | [列表] 上海 本頁卡片數：15
2025-08-17 10:51:57,264 | INFO | [列表] 上海 第 9/10 頁 → https://www.zhipin.com/web/geek/job?query=%E5%AE%A4%E5%86%85%E8%AE%BE%E8%AE%A1&city=101020100&page=9
2025-08-17 10:52:03,254 | INFO | [列表] 上海 本頁卡片數：15
2025-08-17 10:52:03,254 | INFO | [列表] 上海 第 10/10 頁 → https://www.zhipin.com/web/geek/job?query=%E5%AE%A4%E5%86%85%E8%AE%BE%E8%AE%A1&city=101020100&page=10
2025-08-17 10:52:10,090 | INFO | [列表] 上海 本頁卡片數：15
2025-08-17 10:52:10,146 | INFO | == 城市：东莞（101281600） ==
2025-08-17 10:52:10,146 | INFO | [列表] 东莞 第 1/10 頁 → https://www.zhipin.com/web/geek/job?query=%E5%AE%A4%E5%86%85%E8%AE%BE%E8%AE%A1&city=101281600&page=1
2025-08-17 10:52:17,542 | INFO | [列表] 东莞 本頁卡片數：15
2025-08-17 10:52:17,591 | INFO | [詳情] 打開公司頁：https://www.zhipin.com/gongsi/526d57f6f60a95d70XR609y0FA~~.html?from=top-card
2025-08-17 10:52:23,576 | INFO | [入庫] 东莞 成功：广州轩怡国际装饰设计工程有限公司 | 广州天河区轩怡装饰(天河分公司)三楼西二街312
2025-08-17 10:52:23,594 | INFO | [入庫] 东莞 成功：广州轩怡国际装饰设计工程有限公司 | 广州番禺区广州轩怡装饰设计工程有限公司(番禺分公司)二楼电梯右边整层
2025-08-17 10:52:23,642 | INFO | [入庫] 东莞 成功：广州轩怡国际装饰设计工程有限公司 | 广州番禺区轩怡装饰总部6204-6208
2025-08-17 10:52:25,653 | INFO | [詳情] 打開公司頁：https://www.zhipin.com/gongsi/c1ec335f04b993771HB729S-EQ~~.html?from=top-card
2025-08-17 10:52:30,403 | INFO | [入庫] 东莞 成功：深圳市居众装饰设计工程有限公司东莞分公司 | 东莞光辉家居(莞城总店)12楼
2025-08-17 10:52:31,284 | INFO | [詳情] 打開公司頁：https://www.zhipin.com/gongsi/790084096ea2e1af1nJ_39S5F1E~.html?from=top-card
2025-08-17 10:52:36,252 | INFO | [入庫] 东莞 成功：东莞大朗九艺装潢装饰工程有限公司 | 东莞大朗九艺装饰富民中路盈丰大厦8楼
2025-08-17 10:52:38,317 | INFO | [詳情] 打開公司頁：https://www.zhipin.com/gongsi/d47da759e36cfdb61HB439y8GA~~.html?from=top-card
2025-08-17 10:52:44,594 | INFO | [入庫] 东莞 成功：广东聚隆装饰工程有限公司 | 东莞创想社20462楼201
2025-08-17 10:52:46,497 | INFO | [詳情] 打開公司頁：https://www.zhipin.com/gongsi/57dd69388cf8ea1b1nZ709y7FA~~.html?from=top-card
2025-08-17 10:52:52,798 | INFO | [入庫] 东莞 成功：东莞市美东装饰工程有限公司 | 东莞美东装饰美东设计院6楼
2025-08-17 10:52:52,805 | INFO | [入庫] 东莞 成功：东莞市美东装饰工程有限公司 | 东莞美东装饰广东省东莞市厚街镇厚沙路65号201室
2025-08-17 10:52:53,714 | INFO | [詳情] 打開公司頁：https://www.zhipin.com/gongsi/19b99fcad157a64b33N929S6FQ~~.html?from=top-card
2025-08-17 10:53:00,297 | INFO | [入庫] 东莞 成功：深圳市蜜尔室内艺术设计有限公司 | 东莞运河创意公社8号楼3楼人力资源部
2025-08-17 10:53:00,313 | INFO | [入庫] 东莞 成功：深圳市蜜尔室内艺术设计有限公司 | 东莞CANLIA卡利亚不锈钢定制卡利亚
2025-08-17 10:53:00,329 | INFO | [入庫] 东莞 成功：深圳市蜜尔室内艺术设计有限公司 | 深圳南山区华侨城创意文化园-B2栋206
2025-08-17 10:53:01,679 | INFO | [詳情] 打開公司頁：https://www.zhipin.com/gongsi/03c592bb9504dfc40XNz3ti0.html?from=top-card
2025-08-17 10:53:05,874 | INFO | [入庫] 东莞 成功：东莞市嘉美装饰工程有限公司 | 东莞鸿海商务广场二楼嘉美装饰
2025-08-17 10:53:05,876 | INFO | [入庫] 东莞 成功：东莞市嘉美装饰工程有限公司 | 东莞松山湖天安云谷产业园区7
2025-08-17 10:53:07,142 | INFO | [詳情] 打開公司頁：https://www.zhipin.com/gongsi/eba97011534d8f2f1HN-3tS5FlU~.html?from=top-card
2025-08-17 10:53:13,707 | INFO | [入庫] 东莞 成功：广东省品诺美家家居科技有限公司 | 东莞二十一空间美术馆A栋
2025-08-17 10:53:15,240 | INFO | [詳情] 打開公司頁：https://www.zhipin.com/gongsi/5ebbd2fbb753704e1XZ93ty6EFU~.html?from=top-card
2025-08-17 10:53:19,622 | INFO | [入庫] 东莞 成功：广东观一设计有限公司 | 东莞广东观一设计有限公司B101
2025-08-17 10:53:21,145 | INFO | [詳情] 打開公司頁：https://www.zhipin.com/gongsi/53a9172d64f80cc31HJ83t60F1Q~.html?from=top-card
2025-08-17 10:53:28,396 | INFO | [入庫] 东莞 成功：东莞市泓宇装修工程有限公司 | 东莞东莞市康禾装饰有限公司3楼
2025-08-17 10:53:30,354 | INFO | [詳情] 打開公司頁：https://www.zhipin.com/gongsi/fb6e1821515c7c861Xd72Nu7FFQ~.html?from=top-card
2025-08-17 10:53:35,852 | INFO | [入庫] 东莞 成功：深圳市名雕装饰股份有限公司东莞大岭山分公司 | 东莞名雕装饰装修公司(塘厦分公司)905
2025-08-17 10:53:35,867 | INFO | [入庫] 东莞 成功：深圳市名雕装饰股份有限公司东莞大岭山分公司 | 东莞名雕装饰装修公司(愉景分公司)2楼
2025-08-17 10:53:35,874 | INFO | [入庫] 东莞 成功：深圳市名雕装饰股份有限公司东莞大岭山分公司 | 东莞名雕生态家居产业园1号门
2025-08-17 10:53:36,899 | INFO | [詳情] 打開公司頁：https://www.zhipin.com/gongsi/adbcdda5786eb3ee1Hd52du6GVI~.html?from=top-card
2025-08-17 10:53:43,099 | INFO | [入庫] 东莞 成功：东莞市艺发装饰设计工程有限公司 | 东莞秘制家(虎门店)金州梁屋新区八巷一号
2025-08-17 10:53:44,037 | INFO | [詳情] 打開公司頁：https://www.zhipin.com/gongsi/db3bf6218306887f1XN50t6-GVY~.html?from=top-card
2025-08-17 10:53:50,736 | INFO | [入庫] 东莞 成功：圣都家居装饰有限公司 | 台州椒江区圣都整装椒江店椒江区市府大道535号第一时间生活广场1~2楼
2025-08-17 10:53:50,738 | INFO | [入庫] 东莞 成功：圣都家居装饰有限公司 | 佛山禅城区万通国际1-4层
2025-08-17 10:53:50,744 | INFO | [入庫] 东莞 成功：圣都家居装饰有限公司 | 西安雁塔区贝壳圣都家装绿地双子塔B座北群楼
2025-08-17 10:53:52,186 | INFO | [詳情] 打開公司頁：https://www.zhipin.com/gongsi/da8863d33712afb01nx53ti9.html?from=top-card
2025-08-17 10:53:57,804 | INFO | [入庫] 东莞 成功：深圳市居众装饰设计工程有限公司 | 韶关武江区深圳·居众装饰集团武江区建设路雅居蓝湾居众装饰
2025-08-17 10:53:57,810 | INFO | [入庫] 东莞 成功：深圳市居众装饰设计工程有限公司 | 深圳宝安区深圳·居众装饰集团首层商铺Y110
2025-08-17 10:53:57,817 | INFO | [入庫] 东莞 成功：深圳市居众装饰设计工程有限公司 | 深圳福田区居众装饰(总部设计院)皇庭中心22楼
2025-08-17 10:53:59,691 | INFO | [詳情] 打開公司頁：https://www.zhipin.com/gongsi/63d1188f70a7938d0HZ-0tW0EA~~.html?from=top-card
2025-08-17 10:54:05,353 | INFO | [入庫] 东莞 成功：东莞市冠仕玛装饰工程有限公司 | 东莞东莞聚源公寓长安镇横增路聚源公寓1501室
2025-08-17 10:54:05,363 | INFO | [入庫] 东莞 成功：东莞市冠仕玛装饰工程有限公司 | 东莞聚源酒店公寓1501室
2025-08-17 10:54:07,267 | INFO | [列表] 东莞 第 2/10 頁 → https://www.zhipin.com/web/geek/job?query=%E5%AE%A4%E5%86%85%E8%AE%BE%E8%AE%A1&city=101281600&page=2
2025-08-17 10:54:14,046 | INFO | [列表] 东莞 本頁卡片數：15
2025-08-17 10:54:14,091 | INFO | [詳情] 打開公司頁：https://www.zhipin.com/gongsi/a6a7d56569cc1c0c1nB-3tm1Fg~~.html?from=top-card
2025-08-17 10:54:21,324 | INFO | [入庫] 东莞 成功：东莞市翡翠装饰设计工程有限公司 | 东莞国际公馆5栋501
2025-08-17 10:54:21,327 | INFO | [入庫] 东莞 成功：东莞市翡翠装饰设计工程有限公司 | 东莞翡翠一站式装饰3楼
2025-08-17 10:54:22,563 | INFO | [詳情] 打開公司頁：https://www.zhipin.com/gongsi/f6901163711c08711XR83t64FFY~.html?from=top-card
2025-08-17 10:54:27,925 | INFO | [入庫] 东莞 成功：东莞市浅色调装饰设计工程有限公司 | 东莞乐淘新天地物业管理处街铺A05
2025-08-17 10:54:27,933 | INFO | [入庫] 东莞 成功：东莞市浅色调装饰设计工程有限公司 | 东莞虎门百利玛国际家居生活MALL2楼238号
2025-08-17 10:54:27,937 | INFO | [入庫] 东莞 成功：东莞市浅色调装饰设计工程有限公司 | 东莞浅色调装饰欧铂尼整案大家居501
2025-08-17 10:54:29,152 | INFO | [詳情] 打開公司頁：https://www.zhipin.com/gongsi/f6c082aef9d468d51XB909S9ElY~.html?from=top-card
2025-08-17 10:54:34,311 | INFO | [入庫] 东莞 成功：广东腾尚建设有限公司 | 东莞永利达智慧城5栋301室
2025-08-17 10:54:36,354 | INFO | [詳情] 打開公司頁：https://www.zhipin.com/gongsi/095c50cccb7123e51nZz3t2_Eg~~.html?from=top-card
2025-08-17 10:54:42,313 | INFO | [入庫] 东莞 成功：东莞市鲁班装饰工程有限公司 | 东莞鲁班全案家装城鲁班装饰
2025-08-17 10:54:42,321 | INFO | [入庫] 东莞 成功：东莞市鲁班装饰工程有限公司 | 东莞塘厦鲁班装饰
2025-08-17 10:54:42,351 | INFO | [入庫] 东莞 成功：东莞市鲁班装饰工程有限公司 | 东莞大朗鲁班装饰7楼
2025-08-17 10:54:43,725 | INFO | [列表] 东莞 第 3/10 頁 → https://www.zhipin.com/web/geek/job?query=%E5%AE%A4%E5%86%85%E8%AE%BE%E8%AE%A1&city=101281600&page=3
2025-08-17 10:54:50,542 | INFO | [列表] 东莞 本頁卡片數：15
2025-08-17 10:54:50,542 | INFO | [列表] 东莞 第 4/10 頁 → https://www.zhipin.com/web/geek/job?query=%E5%AE%A4%E5%86%85%E8%AE%BE%E8%AE%A1&city=101281600&page=4
2025-08-17 10:54:56,064 | INFO | [列表] 东莞 本頁卡片數：15
2025-08-17 10:54:56,064 | INFO | [列表] 东莞 第 5/10 頁 → https://www.zhipin.com/web/geek/job?query=%E5%AE%A4%E5%86%85%E8%AE%BE%E8%AE%A1&city=101281600&page=5
2025-08-17 10:55:02,621 | INFO | [列表] 东莞 本頁卡片數：15
2025-08-17 10:55:02,670 | INFO | [詳情] 打開公司頁：https://www.zhipin.com/gongsi/3118d09a2d43045c3nRz2ty0.html?from=top-card
2025-08-17 10:55:07,462 | INFO | [入庫] 东莞 成功：北京东方晨光建筑装饰有限公司 | 北京朝阳区秦长城文化创意园4栋
2025-08-17 10:55:09,075 | INFO | [詳情] 打開公司頁：https://www.zhipin.com/gongsi/bd167fd5596785560XN909i4.html?from=top-card
2025-08-17 10:55:12,856 | INFO | [入庫] 东莞 成功：武汉乐上名都装饰工程有限公司 | 阳泉城区半山商务楼501
2025-08-17 10:55:12,872 | INFO | [入庫] 东莞 成功：武汉乐上名都装饰工程有限公司 | 阳泉郊区东昌装饰城B座三层乐上名都
2025-08-17 10:55:12,879 | INFO | [入庫] 东莞 成功：武汉乐上名都装饰工程有限公司 | 武汉硚口区乐上名都装饰香江家居负一楼
2025-08-17 10:55:13,844 | INFO | [詳情] 打開公司頁：https://www.zhipin.com/gongsi/e4ebbd531845f9f51nR72924Eg~~.html?from=top-card
2025-08-17 10:55:18,357 | INFO | [入庫] 东莞 成功：北京懋合装饰工程设计有限公司 | 北京朝阳区金隅·大成国际中心A1座608
2025-08-17 10:55:18,370 | INFO | [入庫] 东莞 成功：北京懋合装饰工程设计有限公司 | 北京朝阳区老君堂便利超市1层
2025-08-17 10:55:20,271 | INFO | [詳情] 打開公司頁：https://www.zhipin.com/gongsi/a5d9ac995e6959690X192dm_Ew~~.html?from=top-card
2025-08-17 10:55:29,256 | INFO | [入庫] 东莞 成功：未知公司 | 北京西城区WeWork北京坊E16栋
2025-08-17 10:55:30,690 | INFO | [詳情] 打開公司頁：https://www.zhipin.com/gongsi/24db0b94c0af1d901nFy3t-6EQ~~.html?from=top-card
2025-08-17 10:55:36,493 | INFO | [入庫] 东莞 成功：北京言木空间设计有限公司 | 北京朝阳区孙河52号院3号楼
2025-08-17 10:55:37,342 | INFO | [詳情] 打開公司頁：https://www.zhipin.com/gongsi/ddaf251b0ab694d31nJy2tu9GFY~.html?from=top-card
2025-08-17 10:55:42,749 | INFO | [入庫] 东莞 成功：山隐（北京）商业设计有限公司 | 北京朝阳区北京懋隆文化产业创意园16库
2025-08-17 10:55:44,099 | INFO | [詳情] 打開公司頁：https://www.zhipin.com/gongsi/e3fea7c56ce34c721nx-2tW6E1E~.html?from=top-card
2025-08-17 10:55:48,446 | INFO | [入庫] 东莞 成功：北京美达轩装饰工程有限公司 | 北京密云区北京美达轩装饰工程有限公司(密云旗舰店)新中街189号
2025-08-17 10:55:48,452 | INFO | [入庫] 东莞 成功：北京美达轩装饰工程有限公司 | 北京怀柔区北京美达轩装饰工程有限公司(怀柔分公司)东关一区甲68号
2025-08-17 10:55:48,459 | INFO | [入庫] 东莞 成功：北京美达轩装饰工程有限公司 | 北京密云区北京美达轩装饰工程有限公司(密云旗舰店)密云区阳光街412-1美达轩装饰
2025-08-17 10:55:49,591 | INFO | [詳情] 打開公司頁：https://www.zhipin.com/gongsi/7e6f87f7dc3c7d1e1HR43dW5Els~.html?from=top-card
2025-08-17 10:55:55,988 | INFO | [入庫] 东莞 成功：北京安居饰家装饰装修有限公司 | 北京朝阳区城外诚家居广场1
2025-08-17 10:55:55,995 | INFO | [入庫] 东莞 成功：北京安居饰家装饰装修有限公司 | 北京海淀区苏宁易购(联想桥店)1层
2025-08-17 10:55:57,486 | INFO | [詳情] 打開公司頁：https://www.zhipin.com/gongsi/1863b819ab48f8001HZ529q_FFY~.html?from=top-card
2025-08-17 10:56:02,394 | INFO | [入庫] 东莞 成功：金士曼（深圳）控股有限公司 | 北京东城区当代MOMA15层
2025-08-17 10:56:02,406 | INFO | [入庫] 东莞 成功：金士曼（深圳）控股有限公司 | 北京朝阳区中国工艺大厦8层
2025-08-17 10:56:04,554 | INFO | [詳情] 打開公司頁：https://www.zhipin.com/gongsi/f4e1d9d08ca3ad7d33Z70ti8Fw~~.html?from=top-card
2025-08-17 10:56:11,457 | INFO | [入庫] 东莞 成功：北京今朝装饰设计有限公司第七分公司 | 北京朝阳区今朝装饰城外诚旗舰店家装建材馆一层
2025-08-17 10:56:13,427 | INFO | [詳情] 打開公司頁：https://www.zhipin.com/gongsi/e23f13dadbe58d2a1Xd72du_Flo~.html?from=top-card
2025-08-17 10:56:19,996 | INFO | [入庫] 东莞 成功：赫兹设计顾问（北京）有限公司 | 北京朝阳区赫兹设计顾问(北京)有限公司209
2025-08-17 10:56:21,394 | INFO | [詳情] 打開公司頁：https://www.zhipin.com/gongsi/8526ef8713a75cef1HN53tm-Fg~~.html?from=top-card
2025-08-17 10:56:27,240 | INFO | [入庫] 东莞 成功：北京华夏易品装饰工程有限公司 | 北京朝阳区红星·美凯龙(北四环店)北沙滩红星美凯龙七层
2025-08-17 10:56:29,309 | INFO | [詳情] 打開公司頁：https://www.zhipin.com/gongsi/eb9e061d8e659a331HV939q5FlI~.html?from=top-card
2025-08-17 10:56:36,238 | INFO | [入庫] 东莞 成功：北京非仝室内设计有限公司 | 北京丰台区旭阳大厦3号楼307
2025-08-17 10:56:38,052 | INFO | [詳情] 打開公司頁：https://www.zhipin.com/gongsi/8cb4ebc01d71938f1HN62t24Ew~~.html?from=top-card
2025-08-17 10:56:43,562 | INFO | [入庫] 东莞 成功：多彩易居装饰设计（北京）有限公司 | 北京大兴区多彩易居装饰富力盛悦居2号楼5层
2025-08-17 10:56:45,439 | INFO | [詳情] 打開公司頁：https://www.zhipin.com/gongsi/4aa5f426e20e899e1Hdz3t61E1Y~.html?from=top-card
2025-08-17 10:56:52,742 | INFO | [入庫] 东莞 成功：北京自如住房租赁有限公司 | 北京朝阳区普天实业创新园16号楼
2025-08-17 10:56:52,762 | INFO | [入庫] 东莞 成功：北京自如住房租赁有限公司 | 上海徐汇区徐汇万科中心【全上海各大区就近分配，boss只能挂一个工作地址】
2025-08-17 10:56:52,764 | INFO | [入庫] 东莞 成功：北京自如住房租赁有限公司 | 成都武侯区茂业中心C座13楼
2025-08-17 10:56:53,585 | INFO | [列表] 东莞 第 6/10 頁 → https://www.zhipin.com/web/geek/job?query=%E5%AE%A4%E5%86%85%E8%AE%BE%E8%AE%A1&city=101281600&page=6
2025-08-17 10:56:59,956 | INFO | [列表] 东莞 本頁卡片數：15
2025-08-17 10:56:59,957 | INFO | [列表] 东莞 第 7/10 頁 → https://www.zhipin.com/web/geek/job?query=%E5%AE%A4%E5%86%85%E8%AE%BE%E8%AE%A1&city=101281600&page=7
2025-08-17 10:57:05,782 | INFO | [列表] 东莞 本頁卡片數：15
2025-08-17 10:57:05,782 | INFO | [列表] 东莞 第 8/10 頁 → https://www.zhipin.com/web/geek/job?query=%E5%AE%A4%E5%86%85%E8%AE%BE%E8%AE%A1&city=101281600&page=8
2025-08-17 10:57:12,408 | INFO | [列表] 东莞 本頁卡片數：15
2025-08-17 10:57:12,408 | INFO | [列表] 东莞 第 9/10 頁 → https://www.zhipin.com/web/geek/job?query=%E5%AE%A4%E5%86%85%E8%AE%BE%E8%AE%A1&city=101281600&page=9
2025-08-17 10:57:18,314 | INFO | [列表] 东莞 本頁卡片數：15
2025-08-17 10:57:18,314 | INFO | [列表] 东莞 第 10/10 頁 → https://www.zhipin.com/web/geek/job?query=%E5%AE%A4%E5%86%85%E8%AE%BE%E8%AE%A1&city=101281600&page=10
2025-08-17 10:57:23,996 | INFO | [列表] 东莞 本頁卡片數：15
2025-08-17 10:57:24,049 | INFO | == 城市：中山（101281700） ==
2025-08-17 10:57:24,049 | INFO | [列表] 中山 第 1/10 頁 → https://www.zhipin.com/web/geek/job?query=%E5%AE%A4%E5%86%85%E8%AE%BE%E8%AE%A1&city=101281700&page=1
2025-08-17 10:57:30,915 | INFO | [列表] 中山 本頁卡片數：15
2025-08-17 10:57:30,961 | INFO | [詳情] 打開公司頁：https://www.zhipin.com/gongsi/17328d3fc76c3a091XV809y8EVs~.html?from=top-card
2025-08-17 10:57:36,443 | INFO | [入庫] 中山 成功：中山市优点展示制品店（个体工商户） | 中山中山市筑林装饰3号28卡
2025-08-17 10:57:37,881 | INFO | [詳情] 打開公司頁：https://www.zhipin.com/gongsi/ee7fdcc67d0975bf1nF-29i5FQ~~.html?from=top-card
2025-08-17 10:57:42,865 | INFO | [入庫] 中山 成功：深圳市叁陆零空间设计有限公司 | 中山星光联盟全球品牌灯饰中心B区810.11
2025-08-17 10:57:42,893 | INFO | [入庫] 中山 成功：深圳市叁陆零空间设计有限公司 | 中山利和灯博中心C区一楼1144卡
2025-08-17 10:57:43,904 | INFO | [詳情] 打開公司頁：https://www.zhipin.com/gongsi/fc9f3ae396c89b501XJ73ty6FA~~.html?from=top-card
2025-08-17 10:57:49,332 | INFO | [入庫] 中山 成功：中山市一鸿装饰工程有限公司 | 中山一鸿装饰华星家居建材城六楼一鸿装饰
2025-08-17 10:57:49,334 | INFO | [入庫] 中山 成功：中山市一鸿装饰工程有限公司 | 中山古镇镇新兴大道东15号
2025-08-17 10:57:50,395 | INFO | [詳情] 打開公司頁：https://www.zhipin.com/gongsi/1c19eb1442915aa53nRz0tm4EA~~.html?from=top-card
2025-08-17 10:57:54,627 | INFO | [入庫] 中山 成功：中山市沸腾壹佰环境艺术工程有限公司 | 中山沸腾壹佰环境艺术工程有限公司32-37卡
2025-08-17 10:57:56,615 | INFO | [詳情] 打開公司頁：https://www.zhipin.com/gongsi/7677ab850d670e221Xx62dq6FVI~.html?from=top-card
2025-08-17 10:58:01,711 | INFO | [入庫] 中山 成功：中山市向集全案设计有限公司 | 中山中山市向集全案设计有限公司18号三二楼
2025-08-17 10:58:02,633 | INFO | [詳情] 打開公司頁：https://www.zhipin.com/gongsi/f90c493ee3f524b41XR93964GVU~.html?from=top-card
2025-08-17 10:58:08,787 | INFO | [入庫] 中山 成功：中山火炬开发区利宇建材店 | 中山利宇·淘好家O2O装饰设计中心五星装饰材料市场东1排5-9卡
2025-08-17 10:58:10,903 | INFO | [詳情] 打開公司頁：https://www.zhipin.com/gongsi/21f7d245467e97ea1XB42du_F1c~.html?from=top-card
2025-08-17 10:58:18,261 | INFO | [入庫] 中山 成功：中山市原创优家空间装饰设计有限公司 | 中山原创优家空间整装体验馆同乐社区同乐路和合街47号6楼
2025-08-17 10:58:18,267 | INFO | [入庫] 中山 成功：中山市原创优家空间装饰设计有限公司 | 中山中山市原创优家空间装饰设计有限公司裕隆二路十号
2025-08-17 10:58:18,278 | INFO | [入庫] 中山 成功：中山市原创优家空间装饰设计有限公司 | 中山小榄镇同乐社区和合街47号（同德大排档对面）
2025-08-17 10:58:19,460 | INFO | [詳情] 打開公司頁：https://www.zhipin.com/gongsi/0c523d271c232ddc3nB73dy4GA~~.html?from=top-card
2025-08-17 10:58:24,682 | INFO | [入庫] 中山 成功：中山市雅乐居装饰设计工程有限公司 | 中山美银国际二楼雅乐居装饰
2025-08-17 10:58:24,690 | INFO | [入庫] 中山 成功：中山市雅乐居装饰设计工程有限公司 | 中山东城里中山市东区匠心东城里1号楼3楼（雅乐居装饰）
2025-08-17 10:58:26,698 | INFO | [詳情] 打開公司頁：https://www.zhipin.com/gongsi/21d8963937e4b8ab33Vz2tW8Fw~~.html?from=top-card
2025-08-17 10:58:32,161 | INFO | [入庫] 中山 成功：中山市金禾装饰设计工程有限公司 | 中山金禾装饰设计工程有限公司
2025-08-17 10:58:32,163 | INFO | [入庫] 中山 成功：中山市金禾装饰设计工程有限公司 | 中山沐格全屋定制厂昌观路
2025-08-17 10:58:33,000 | INFO | [詳情] 打開公司頁：https://www.zhipin.com/gongsi/941054be2adba4961nxy2ty1E1E~.html?from=top-card
2025-08-17 10:58:40,056 | INFO | [入庫] 中山 成功：中山居缘装饰设计工程有限公司 | 中山新居缘装饰黄圃分公司65号
2025-08-17 10:58:42,115 | INFO | [詳情] 打開公司頁：https://www.zhipin.com/gongsi/34bfef78d1da2d551XB-3966F1s~.html?from=top-card
2025-08-17 10:58:48,979 | INFO | [入庫] 中山 成功：坤宇空间（中山市）建筑装饰工程有限公司 | 中山白沙湾工业区中山市东区白沙湾工业区东园路六号六楼
2025-08-17 10:58:50,922 | INFO | [詳情] 打開公司頁：https://www.zhipin.com/gongsi/398679bb441cbf950H142t65GQ~~.html?from=top-card
2025-08-17 10:58:56,961 | INFO | [入庫] 中山 成功：广东俱进文化艺术有限公司 | 中山欧雅公馆5楼
2025-08-17 10:58:57,809 | INFO | [詳情] 打開公司頁：https://www.zhipin.com/gongsi/bd955afa050d35d11nJ909m_GVU~.html?from=top-card
2025-08-17 10:59:04,065 | INFO | [入庫] 中山 成功：中山市夏盟装饰设计工程有限公司 | 中山冈东商厦C幢5卡飞利浦智能照明体验馆
2025-08-17 10:59:05,680 | INFO | [詳情] 打開公司頁：https://www.zhipin.com/gongsi/675a654d8e5477971nNz3d64EFQ~.html?from=top-card
2025-08-17 10:59:12,272 | INFO | [入庫] 中山 成功：中山市水木轩怡装饰设计工程有限公司 | 中山轩怡家装(中山店)水木年华七号楼1-4卡
2025-08-17 10:59:12,290 | INFO | [入庫] 中山 成功：中山市水木轩怡装饰设计工程有限公司 | 佛山禅城区轩怡家装|禅城超级店佛山市禅城石湾美居国际建材博览中心13座2层1—6铺位（轩怡家装）
2025-08-17 10:59:12,296 | INFO | [入庫] 中山 成功：中山市水木轩怡装饰设计工程有限公司 | 珠海香洲区轩怡装饰(珠海店)2楼轩怡装饰
2025-08-17 10:59:13,551 | INFO | [詳情] 打開公司頁：https://www.zhipin.com/gongsi/6bc0bc30577e284633Z_3N20FA~~.html?from=top-card
2025-08-17 10:59:20,626 | INFO | [入庫] 中山 成功：中山森百纳木质家具制造有限公司 | 中山富元彩虹装饰城4-113
2025-08-17 10:59:20,645 | INFO | [入庫] 中山 成功：中山森百纳木质家具制造有限公司 | 中山森百纳家具厂首层
2025-08-17 10:59:20,651 | INFO | [入庫] 中山 成功：中山森百纳木质家具制造有限公司 | 中山中山博览中心家具博览会
2025-08-17 10:59:22,428 | INFO | [列表] 中山 第 2/10 頁 → https://www.zhipin.com/web/geek/job?query=%E5%AE%A4%E5%86%85%E8%AE%BE%E8%AE%A1&city=101281700&page=2
2025-08-17 10:59:29,206 | INFO | [列表] 中山 本頁卡片數：15
2025-08-17 10:59:29,252 | INFO | [詳情] 打開公司頁：https://www.zhipin.com/gongsi/48c25cbcf0d36aa71Xx53NW5GFM~.html?from=top-card
2025-08-17 10:59:33,169 | INFO | [入庫] 中山 成功：中山市筑建工程有限公司 | 中山中山市登道设计1楼中山筑建
2025-08-17 10:59:35,237 | INFO | [詳情] 打開公司頁：https://www.zhipin.com/gongsi/40e608c351d8268803V42N-8Flc~.html?from=top-card
2025-08-17 10:59:38,448 | INFO | [入庫] 中山 成功：广东云美装装修工程有限公司 | 中山云美装家居生活体验馆一层
2025-08-17 10:59:40,145 | INFO | [列表] 中山 第 3/10 頁 → https://www.zhipin.com/web/geek/job?query=%E5%AE%A4%E5%86%85%E8%AE%BE%E8%AE%A1&city=101281700&page=3
2025-08-17 10:59:46,996 | INFO | [列表] 中山 本頁卡片數：15
2025-08-17 10:59:47,041 | INFO | [詳情] 打開公司頁：https://www.zhipin.com/gongsi/5ff6312ee936923703Z439i-E1A~.html?from=top-card
2025-08-17 10:59:51,472 | INFO | [入庫] 中山 成功：中山市名衣橱装饰材料有限公司 | 中山百得胜全屋定制(华星家居建材城店)2楼百得胜
2025-08-17 10:59:53,486 | INFO | [列表] 中山 第 4/10 頁 → https://www.zhipin.com/web/geek/job?query=%E5%AE%A4%E5%86%85%E8%AE%BE%E8%AE%A1&city=101281700&page=4
2025-08-17 11:00:00,253 | INFO | [列表] 中山 本頁卡片數：15
2025-08-17 11:00:00,253 | INFO | [列表] 中山 第 5/10 頁 → https://www.zhipin.com/web/geek/job?query=%E5%AE%A4%E5%86%85%E8%AE%BE%E8%AE%A1&city=101281700&page=5
2025-08-17 11:00:05,866 | INFO | [列表] 中山 本頁卡片數：15
2025-08-17 11:00:05,866 | INFO | [列表] 中山 第 6/10 頁 → https://www.zhipin.com/web/geek/job?query=%E5%AE%A4%E5%86%85%E8%AE%BE%E8%AE%A1&city=101281700&page=6
2025-08-17 11:00:11,546 | INFO | [列表] 中山 本頁卡片數：15
2025-08-17 11:00:11,546 | INFO | [列表] 中山 第 7/10 頁 → https://www.zhipin.com/web/geek/job?query=%E5%AE%A4%E5%86%85%E8%AE%BE%E8%AE%A1&city=101281700&page=7
2025-08-17 11:00:17,292 | INFO | [列表] 中山 本頁卡片數：15
2025-08-17 11:00:17,292 | INFO | [列表] 中山 第 8/10 頁 → https://www.zhipin.com/web/geek/job?query=%E5%AE%A4%E5%86%85%E8%AE%BE%E8%AE%A1&city=101281700&page=8
2025-08-17 11:00:23,010 | INFO | [列表] 中山 本頁卡片數：15
2025-08-17 11:00:23,010 | INFO | [列表] 中山 第 9/10 頁 → https://www.zhipin.com/web/geek/job?query=%E5%AE%A4%E5%86%85%E8%AE%BE%E8%AE%A1&city=101281700&page=9
2025-08-17 11:00:28,338 | INFO | [列表] 中山 本頁卡片數：15
2025-08-17 11:00:28,384 | INFO | [詳情] 打開公司頁：https://www.zhipin.com/gongsi/fd703f4b7819f1a31nB93t-8EFU~.html?from=top-card
2025-08-17 11:00:32,957 | INFO | [入庫] 中山 成功：中山市缘贝蓝装饰设计工程有限公司 | 中山中山世源广场202卡
2025-08-17 11:00:33,962 | INFO | [詳情] 打開公司頁：https://www.zhipin.com/gongsi/2790a2d382fba6cb1nF_29u6FFM~.html?from=top-card
2025-08-17 11:00:39,883 | INFO | [入庫] 中山 成功：中山市海歆装饰设计工程有限公司 | 中山海歆装饰11卡
2025-08-17 11:00:39,889 | INFO | [入庫] 中山 成功：中山市海歆装饰设计工程有限公司 | 中山雅居乐花园·万象郡1幢11卡
2025-08-17 11:00:40,840 | INFO | [列表] 中山 第 10/10 頁 → https://www.zhipin.com/web/geek/job?query=%E5%AE%A4%E5%86%85%E8%AE%BE%E8%AE%A1&city=101281700&page=10
2025-08-17 11:00:46,360 | INFO | [列表] 中山 本頁卡片數：15
2025-08-17 11:00:46,419 | INFO | == 城市：佛山（101280800） ==
2025-08-17 11:00:46,419 | INFO | [列表] 佛山 第 1/10 頁 → https://www.zhipin.com/web/geek/job?query=%E5%AE%A4%E5%86%85%E8%AE%BE%E8%AE%A1&city=101280800&page=1
2025-08-17 11:00:53,377 | INFO | [列表] 佛山 本頁卡片數：15
2025-08-17 11:00:53,425 | INFO | [詳情] 打開公司頁：https://www.zhipin.com/gongsi/13d83ff29523773d1nZ_3tm4FVE~.html?from=top-card
2025-08-17 11:00:58,666 | INFO | [入庫] 佛山 成功：佛山市博思创意设计有限公司 | 佛山顺德区龙城国际皮布交易中心B1座B1座203A
2025-08-17 11:01:00,454 | INFO | [詳情] 打開公司頁：https://www.zhipin.com/gongsi/7498073cb635077d1Hxz2di6FQ~~.html?from=top-card
2025-08-17 11:01:05,656 | INFO | [入庫] 佛山 成功：佛山市马克室内设计有限公司 | 佛山禅城区马克室内设计创意机构3号楼101
2025-08-17 11:01:06,442 | INFO | [詳情] 打開公司頁：https://www.zhipin.com/gongsi/a9758b8696d2cd3c0HBy3t2-FA~~.html?from=top-card
2025-08-17 11:01:13,223 | INFO | [入庫] 佛山 成功：广东一品堂品牌营销策划有限公司 | 佛山禅城区碧桂园·世纪滨江4号20座
2025-08-17 11:01:13,225 | INFO | [入庫] 佛山 成功：广东一品堂品牌营销策划有限公司 | 佛山禅城区广东新媒体产业园9A幢5层
2025-08-17 11:01:14,424 | INFO | [詳情] 打開公司頁：https://www.zhipin.com/gongsi/f0084c74f9469c6c1XV43N29FFo~.html?from=top-card
2025-08-17 11:01:22,092 | INFO | [入庫] 佛山 成功：佛山市航建尚品室内装饰有限公司 | 佛山顺德区航建尚品整装公司165
2025-08-17 11:01:24,001 | INFO | [詳情] 打開公司頁：https://www.zhipin.com/gongsi/850f50f03a7bbfd31XN-0ty6FQ~~.html?from=top-card
2025-08-17 11:01:28,406 | INFO | [入庫] 佛山 成功：佛山市侑声设计顾问有限公司 | 佛山禅城区同华社区西四街11号1F
2025-08-17 11:01:29,663 | INFO | [詳情] 打開公司頁：https://www.zhipin.com/gongsi/1f29122bdee456f30Hd429y0GA~~.html?from=top-card
2025-08-17 11:01:35,334 | INFO | [入庫] 佛山 成功：佛山市同力设计工程有限公司 | 佛山顺德区雍翠华府(东门)1
2025-08-17 11:01:36,996 | INFO | [詳情] 打開公司頁：https://www.zhipin.com/gongsi/ee88726222f1dcd41nN50tW7FFc~.html?from=top-card
2025-08-17 11:01:43,117 | INFO | [入庫] 佛山 成功：广州博厦建筑设计研究院有限公司新港中分公司 | 佛山禅城区博厦国际建筑设计集团(甲级)3层
2025-08-17 11:01:44,399 | INFO | [詳情] 打開公司頁：https://www.zhipin.com/gongsi/323ed4f177eb81e51nN83925EFc~.html?from=top-card
2025-08-17 11:01:50,306 | INFO | [入庫] 佛山 成功：佛山市南海区嘉和装饰设计工作室 | 佛山南海区佛山天安数码城天安数码城四期
2025-08-17 11:01:52,304 | INFO | [詳情] 打開公司頁：https://www.zhipin.com/gongsi/77a0fa41986997e81nd_2dm1EVY~.html?from=top-card
2025-08-17 11:01:57,094 | INFO | [入庫] 佛山 成功：佛山市龙行天下家具设计有限公司 | 佛山顺德区龙行美学空间1楼
2025-08-17 11:01:58,902 | INFO | [詳情] 打開公司頁：https://www.zhipin.com/gongsi/9bd6af986f682c521nFz3tW8Eg~~.html?from=top-card
2025-08-17 11:02:04,103 | INFO | [入庫] 佛山 成功：深圳市名雕装饰股份有限公司 | 深圳宝安区龙光世纪汇(龙光·世纪大厦店)深圳市名雕装饰股份有限公司总部
2025-08-17 11:02:04,104 | INFO | [入庫] 佛山 成功：深圳市名雕装饰股份有限公司 | 佛山禅城区名雕装饰股份(新零售高端家居生活体验馆)季华三路45号
2025-08-17 11:02:04,117 | INFO | [入庫] 佛山 成功：深圳市名雕装饰股份有限公司 | 深圳龙岗区星河WORLDB座B栋2403
2025-08-17 11:02:05,565 | INFO | [詳情] 打開公司頁：https://www.zhipin.com/gongsi/8d192571635294c51n1509y_Eg~~.html?from=top-card
2025-08-17 11:02:11,459 | INFO | [入庫] 佛山 成功：广东无非室内设计顾问有限公司 | 佛山南海区鸿晖都市产业新城4栋611
2025-08-17 11:02:13,469 | INFO | [詳情] 打開公司頁：https://www.zhipin.com/gongsi/4a07fb9a22ff51771HB93960FlU~.html?from=top-card
2025-08-17 11:02:19,375 | INFO | [入庫] 佛山 成功：广东忠宁建设工程有限公司 | 佛山南海区天安时代大厦5期A座404~405
2025-08-17 11:02:20,281 | INFO | [詳情] 打開公司頁：https://www.zhipin.com/gongsi/a2472a211d5ce79e1HZ609u8F1A~.html?from=top-card
2025-08-17 11:02:26,154 | INFO | [入庫] 佛山 成功：广东宝露斯家具有限公司 | 佛山顺德区罗浮宫国际家具博览中心3201
2025-08-17 11:02:26,171 | INFO | [入庫] 佛山 成功：广东宝露斯家具有限公司 | 佛山顺德区佛山市宝露斯家具有限公司3201
2025-08-17 11:02:26,182 | INFO | [入庫] 佛山 成功：广东宝露斯家具有限公司 | 佛山顺德区龙头家具材料市场-A4栋龙头材料市场A4座5楼
2025-08-17 11:02:28,327 | INFO | [詳情] 打開公司頁：https://www.zhipin.com/gongsi/b0bffaa5b0c5f53d1HF73dq4FlU~.html?from=top-card
2025-08-17 11:02:33,777 | INFO | [入庫] 佛山 成功：佛山市顺承集禾室内装饰有限公司 | 佛山顺德区顺德区北滘镇北滘居委会君领世纪花园君领洋房31号铺
2025-08-17 11:02:35,102 | INFO | [列表] 佛山 第 2/10 頁 → https://www.zhipin.com/web/geek/job?query=%E5%AE%A4%E5%86%85%E8%AE%BE%E8%AE%A1&city=101280800&page=2
2025-08-17 11:02:42,229 | INFO | [列表] 佛山 本頁卡片數：15
2025-08-17 11:02:42,275 | INFO | [詳情] 打開公司頁：https://www.zhipin.com/gongsi/61a8e227d277f5791XR43tu_F1M~.html?from=top-card
2025-08-17 11:02:46,587 | INFO | [入庫] 佛山 成功：佛山市千喜盛装饰设计有限公司 | 佛山南海区佛山民间金融街B1座首层108
2025-08-17 11:02:47,751 | INFO | [列表] 佛山 第 3/10 頁 → https://www.zhipin.com/web/geek/job?query=%E5%AE%A4%E5%86%85%E8%AE%BE%E8%AE%A1&city=101280800&page=3
2025-08-17 11:02:52,974 | INFO | [列表] 佛山 本頁卡片數：15
2025-08-17 11:02:52,974 | INFO | [列表] 佛山 第 4/10 頁 → https://www.zhipin.com/web/geek/job?query=%E5%AE%A4%E5%86%85%E8%AE%BE%E8%AE%A1&city=101280800&page=4
2025-08-17 11:02:58,102 | INFO | [列表] 佛山 本頁卡片數：15
2025-08-17 11:02:58,148 | INFO | [詳情] 打開公司頁：https://www.zhipin.com/gongsi/7038a72b3f1ae5251XN93924FlA~.html?from=top-card
2025-08-17 11:03:02,526 | INFO | [入庫] 佛山 成功：佛山市冠海装饰工程有限公司 | 佛山南海区怡景楼海宁路6号
2025-08-17 11:03:03,520 | INFO | [詳情] 打開公司頁：https://www.zhipin.com/gongsi/686fceb23c94324a1HV-2NW0FVo~.html?from=top-card
2025-08-17 11:03:08,015 | INFO | [入庫] 佛山 成功：佛山市顺德区大良华浔品味装饰工程有限公司 | 佛山顺德区明日华府明日华府商铺
2025-08-17 11:03:09,878 | INFO | [列表] 佛山 第 5/10 頁 → https://www.zhipin.com/web/geek/job?query=%E5%AE%A4%E5%86%85%E8%AE%BE%E8%AE%A1&city=101280800&page=5
2025-08-17 11:03:16,102 | WARNING | 手動中止
