2025-08-17 10:43:26,742 | INFO | === 啟動：Boss直聘 室內設計 全城市巡檢 ===
2025-08-17 10:43:26,831 | INFO | 代理總數：0（可為0=直連）
2025-08-17 10:43:27,459 | INFO | == 城市：上海（101020100） ==
2025-08-17 10:43:27,459 | INFO | [列表] 上海 第 1/10 頁 → https://www.zhipin.com/web/geek/job?query=%E5%AE%A4%E5%86%85%E8%AE%BE%E8%AE%A1&city=101020100&page=1
2025-08-17 10:43:37,192 | INFO | [列表] 上海 本頁卡片數：15
2025-08-17 10:43:37,238 | INFO | [詳情] 打開公司頁：https://www.zhipin.com/gongsi/8c8520aac2e3cc640nV_2tq6Fw~~.html?from=top-card
2025-08-17 10:43:42,209 | INFO | [入庫] 上海 成功：上海董世建筑设计咨询有限公司 | 上海徐汇区DOME&ASSOCIATES董世建筑3楼3-2室
2025-08-17 10:43:43,145 | INFO | [詳情] 打開公司頁：https://www.zhipin.com/gongsi/2a52d3226d06f8bb1Xx90t61ElA~.html?from=top-card
2025-08-17 10:43:49,375 | INFO | [入庫] 上海 成功：迪切萨雷室内设计（上海）有限公司 | 上海静安区上海电气2号楼
2025-08-17 10:43:50,546 | INFO | [詳情] 打開公司頁：https://www.zhipin.com/gongsi/5543415ce1964a521H1y2ti5GVI~.html?from=top-card
2025-08-17 10:43:55,568 | INFO | [入庫] 上海 成功：上海康弗特建筑技术有限公司 | 上海普陀区中鹰·黑森林售楼中心2楼B单元
2025-08-17 10:43:55,575 | INFO | [入庫] 上海 成功：上海康弗特建筑技术有限公司 | 上海普陀区中鹰·黑森林2号楼B单元
2025-08-17 10:43:57,315 | INFO | [詳情] 打開公司頁：https://www.zhipin.com/gongsi/c4376094566ec33d0nF-3du9GQ~~.html?from=top-card
2025-08-17 10:44:01,627 | INFO | [入庫] 上海 成功：上海澜筑建设装饰有限公司 | 上海长宁区荣兆商务楼2号楼4406
2025-08-17 10:44:01,633 | INFO | [入庫] 上海 成功：上海澜筑建设装饰有限公司 | 上海长宁区旭辉·虹桥国际1号楼511室
2025-08-17 10:44:03,453 | INFO | [詳情] 打開公司頁：https://www.zhipin.com/gongsi/ccd80fb719ae44381H1439m9GVQ~.html?from=top-card
2025-08-17 10:44:07,105 | INFO | [入庫] 上海 成功：上海真觉科技有限公司 | 上海松江区云间水庄152栋
2025-08-17 10:44:09,180 | INFO | [詳情] 打開公司頁：https://www.zhipin.com/gongsi/1a6ebe6de4c7e5d11X1_2ty_F1Y~.html?from=top-card
2025-08-17 10:44:15,085 | INFO | [入庫] 上海 成功：上海也度环境艺术设计有限公司 | 上海杨浦区上海国际设计中心-西楼1105
2025-08-17 10:44:15,905 | INFO | [詳情] 打開公司頁：https://www.zhipin.com/gongsi/360b4846a7bb1e841Xd62NS_GQ~~.html?from=top-card
2025-08-17 10:44:22,411 | INFO | [入庫] 上海 成功：上海上榀建设工程有限公司 | 上海静安区中建幸福大厦场中路2028号中建幸福大厦A座8楼
2025-08-17 10:44:23,435 | INFO | [詳情] 打開公司頁：https://www.zhipin.com/gongsi/9bbf9b2c239896041XZ50ti8GFM~.html?from=top-card
2025-08-17 10:44:30,036 | INFO | [入庫] 上海 成功：上海国祯建筑装饰有限公司 | 上海闵行区欧莱雅商务中心A栋508
2025-08-17 10:44:31,140 | INFO | [詳情] 打開公司頁：https://www.zhipin.com/gongsi/28000e51561c0e871XR829y0FVM~.html?from=top-card
2025-08-17 10:44:35,286 | INFO | [入庫] 上海 成功：上海七面魔方建设科技（集团）有限公司 | 上海闵行区闵行区新龙路1333弄29幢915
2025-08-17 10:44:36,419 | INFO | [詳情] 打開公司頁：https://www.zhipin.com/gongsi/833c4d653c3a69fb1nJ939u6GA~~.html?from=top-card
2025-08-17 10:44:44,018 | INFO | [入庫] 上海 成功：上海津家装饰工程有限公司 | 上海普陀区中关村科技大厦-辅楼604-606室
2025-08-17 10:44:44,809 | INFO | [詳情] 打開公司頁：https://www.zhipin.com/gongsi/a330634c728429021XB839m6Flo~.html?from=top-card
2025-08-17 10:44:50,333 | INFO | [入庫] 上海 成功：上海三合宜居空间设计有限公司 | 上海长宁区忆定村41号（前门）
2025-08-17 10:44:51,675 | INFO | [詳情] 打開公司頁：https://www.zhipin.com/gongsi/a8865170ad3d8f1f1Hdz2dS4.html?from=top-card
2025-08-17 10:44:56,967 | INFO | [入庫] 上海 成功：上海统帅建筑装潢有限公司 | 上海浦东新区统帅装饰旗舰体验中心1877
2025-08-17 10:44:56,973 | INFO | [入庫] 上海 成功：上海统帅建筑装潢有限公司 | 上海徐汇区统帅装饰(浦西旗舰体验中心)吴中路52号古北时尚5楼
2025-08-17 10:44:56,989 | INFO | [入庫] 上海 成功：上海统帅建筑装潢有限公司 | 上海嘉定区统帅装饰(嘉定设计中心)3103
2025-08-17 10:44:57,954 | INFO | [詳情] 打開公司頁：https://www.zhipin.com/gongsi/89e3e08beccdec9a03R43d2_E1E~.html?from=top-card
2025-08-17 10:45:04,002 | INFO | [入庫] 上海 成功：上海固泰化学建材有限公司 | 上海闵行区迪比特大厦上海市闵行区莘庄工业区申旺路18号1栋330.357号
2025-08-17 10:45:04,917 | INFO | [詳情] 打開公司頁：https://www.zhipin.com/gongsi/2533654c9bb3e71d1XR50t25FFE~.html?from=top-card
2025-08-17 10:45:10,434 | INFO | [入庫] 上海 成功：上海雄赫建筑装饰设计工程有限公司 | 上海嘉定区巧帛人文原地B座
2025-08-17 10:45:11,803 | INFO | [詳情] 打開公司頁：https://www.zhipin.com/gongsi/851116dcfc50ba421nJ72d68Els~.html?from=top-card
2025-08-17 10:45:16,845 | INFO | [入庫] 上海 成功：普昱（上海）建筑设计工程有限公司 | 上海静安区宏慧视界1库3栋2层
2025-08-17 10:45:18,113 | INFO | [列表] 上海 第 2/10 頁 → https://www.zhipin.com/web/geek/job?query=%E5%AE%A4%E5%86%85%E8%AE%BE%E8%AE%A1&city=101020100&page=2
