2026-01-30 05:35:14,788 - INFO - ==========================================
2026-01-30 05:35:14,788 - INFO - 程式啟動，Log 檔案路徑: C:\Users\TW0002.TPTWKD\Desktop\Wenbin\log\K大播報2026-01-30.log
2026-01-30 05:35:14,788 - INFO - ==========================================
2026-01-30 05:35:14,788 - INFO - 正在獲取基礎資料 (CRM電訪人員名單)...
2026-01-30 05:35:16,144 - INFO - 基礎資料獲取成功，耗時 1.36 秒，今日在職電訪人數: 15
2026-01-30 05:35:16,144 - INFO - >>> 準備執行 任務 1: 已邀約時間未定
2026-01-30 05:35:16,144 - INFO - --- [START] 開始執行任務: 已邀約時間未定 (Status: 7) ---
2026-01-30 05:35:16,145 - INFO - [已邀約時間未定] 正在執行 SQL 查詢...
2026-01-30 05:35:22,193 - INFO - [已邀約時間未定] SQL 查詢完成，耗時 6.05 秒，原始筆數: 228
2026-01-30 05:35:22,194 - INFO - [已邀約時間未定] 基礎過濾完成 (排除承攬/測試)，剩餘筆數: 228
2026-01-30 05:35:22,194 - INFO - [已邀約時間未定] 執行額外篩選邏輯...
2026-01-30 05:35:22,195 - INFO - [已邀約時間未定] 額外篩選後筆數: 228
2026-01-30 05:35:22,195 - INFO - [已邀約時間未定] 正在處理日期格式與欄位...
2026-01-30 05:35:22,361 - INFO - [已邀約時間未定] 準備發送 Webhook 通知...
2026-01-30 05:35:22,956 - INFO - [已邀約時間未定] Webhook 發送狀態碼: 200
2026-01-30 05:35:23,015 - INFO - [已邀約時間未定] 正在寫入 Excel: Z:\18_各部門共享區\15_數據中心課\文斌\已邀約時間未定\已邀約時間未定_2026-01-30.xlsx
2026-01-30 05:35:23,174 - INFO - [已邀約時間未定] Excel 格式美化中...
2026-01-30 05:35:23,301 - INFO - [已邀約時間未定] 任務圓滿完成！檔案已儲存。
2026-01-30 05:35:23,302 - INFO - 任務 1 執行成功！
2026-01-30 05:35:23,302 - INFO - 等待 20 秒讓系統緩衝...
2026-01-30 05:35:43,303 - INFO - >>> 準備執行 任務 2: K大視訊未上線
2026-01-30 05:35:43,303 - INFO - 正在撈取 K大視訊 資料...
2026-01-30 05:35:43,303 - INFO - --- [START] 開始執行任務: K大視訊未上線 (Status: 12) ---
2026-01-30 05:35:43,305 - INFO - [K大視訊未上線] 正在執行 SQL 查詢...
2026-01-30 05:35:47,895 - INFO - [K大視訊未上線] SQL 查詢完成，耗時 4.59 秒，原始筆數: 2421
2026-01-30 05:35:47,899 - INFO - [K大視訊未上線] 基礎過濾完成 (排除承攬/測試)，剩餘筆數: 2421
2026-01-30 05:35:47,899 - INFO - [K大視訊未上線] 正在處理日期格式與欄位...
2026-01-30 05:35:47,968 - INFO - [K大視訊未上線] 準備發送 Webhook 通知...
2026-01-30 05:35:48,558 - INFO - [K大視訊未上線] Webhook 發送狀態碼: 200
2026-01-30 05:35:48,661 - INFO - [K大視訊未上線] 正在寫入 Excel: Z:\18_各部門共享區\15_數據中心課\文斌\K大視訊未上線\K大視訊未上線_2026-01-30.xlsx
2026-01-30 05:35:49,161 - INFO - [K大視訊未上線] Excel 格式美化中...
2026-01-30 05:35:49,978 - INFO - [K大視訊未上線] 任務圓滿完成！檔案已儲存。
2026-01-30 05:35:49,980 - INFO - 任務 2 執行成功！
2026-01-30 05:35:49,980 - INFO - === 所有排程執行結束 ===
