2026-02-04 05:35:16,699 - INFO - ==========================================
2026-02-04 05:35:16,699 - INFO - 程式啟動，Log 檔案路徑: C:\Users\TW0002.TPTWKD\Desktop\Wenbin\log\K大播報2026-02-04.log
2026-02-04 05:35:16,699 - INFO - ==========================================
2026-02-04 05:35:16,701 - INFO - 正在獲取基礎資料 (CRM電訪人員名單)...
2026-02-04 05:35:18,118 - INFO - 基礎資料獲取成功，耗時 1.42 秒，承攬人數: 15
2026-02-04 05:35:18,119 - INFO - >>> 準備執行 任務 1: 已邀約時間未定
2026-02-04 05:35:18,119 - INFO - --- [START] 開始執行任務: 已邀約時間未定 (Status: 7) ---
2026-02-04 05:35:18,119 - INFO - [已邀約時間未定] 正在執行 SQL 查詢...
2026-02-04 05:35:24,000 - INFO - [已邀約時間未定] SQL 查詢完成，耗時 5.88 秒，原始筆數: 226
2026-02-04 05:35:24,001 - INFO - [已邀約時間未定] 基礎過濾完成 (排除承攬/測試)，剩餘筆數: 226
2026-02-04 05:35:24,001 - INFO - [已邀約時間未定] 執行額外篩選邏輯...
2026-02-04 05:35:24,003 - INFO - [已邀約時間未定] 額外篩選後筆數: 226
2026-02-04 05:35:24,003 - INFO - [已邀約時間未定] 正在處理日期格式與欄位...
2026-02-04 05:35:24,180 - INFO - [已邀約時間未定] 準備發送 Webhook 通知...
2026-02-04 05:35:24,767 - INFO - [已邀約時間未定] Webhook 發送狀態碼: 200
2026-02-04 05:35:24,949 - INFO - [已邀約時間未定] 正在寫入 Excel: Z:\18_各部門共享區\15_數據中心課\文斌\已邀約時間未定\已邀約時間未定_2026-02-04.xlsx
2026-02-04 05:35:25,163 - INFO - [已邀約時間未定] Excel 格式美化中...
2026-02-04 05:35:25,305 - INFO - [已邀約時間未定]  任務圓滿完成！檔案已儲存。
2026-02-04 05:35:25,306 - INFO - 任務 1 執行成功！
2026-02-04 05:35:25,306 - INFO - 等待 20 秒讓系統緩衝...
2026-02-04 05:35:45,307 - INFO - >>> 準備執行 任務 2: K大視訊未上線
2026-02-04 05:35:45,307 - INFO - 正在撈取 K大視訊 資料...
2026-02-04 05:35:45,307 - INFO - --- [START] 開始執行任務: K大視訊未上線 (Status: 12) ---
2026-02-04 05:35:45,307 - INFO - [K大視訊未上線] 正在執行 SQL 查詢...
2026-02-04 05:35:50,254 - INFO - [K大視訊未上線] SQL 查詢完成，耗時 4.95 秒，原始筆數: 2181
2026-02-04 05:35:50,256 - INFO - [K大視訊未上線] 基礎過濾完成 (排除承攬/測試)，剩餘筆數: 2181
2026-02-04 05:35:50,256 - INFO - [K大視訊未上線] 正在處理日期格式與欄位...
2026-02-04 05:35:50,325 - INFO - [K大視訊未上線] 準備發送 Webhook 通知...
2026-02-04 05:35:50,930 - INFO - [K大視訊未上線] Webhook 發送狀態碼: 200
2026-02-04 05:35:51,007 - INFO - [K大視訊未上線] 正在寫入 Excel: Z:\18_各部門共享區\15_數據中心課\文斌\K大視訊未上線\K大視訊未上線_2026-02-04.xlsx
2026-02-04 05:35:57,467 - INFO - [K大視訊未上線] Excel 格式美化中...
2026-02-04 05:35:58,405 - INFO - [K大視訊未上線]  任務圓滿完成！檔案已儲存。
2026-02-04 05:35:58,406 - INFO - 任務 2 執行成功！
2026-02-04 05:35:58,406 - INFO - === 所有排程執行結束 ===
